<?xml version="1.0" encoding="UTF-8"?>
<testsuite xmlns:xsi="http://www.w3.org/2001/XMLSchema-instance" xsi:noNamespaceSchemaLocation="https://maven.apache.org/surefire/maven-surefire-plugin/xsd/surefire-test-report.xsd" name="HttpBinAPI.HttpBinRunner" time="6.729" tests="5" errors="0" skipped="0" failures="1">
  <properties>
[...]
</properties>
  <testcase name="testPoke[1][1]" classname="HttpBinAPI.HttpBinRunner" time="1.91"/>
  <testcase name="testPoke[1][2]" classname="HttpBinAPI.HttpBinRunner" time="0.575"/>
  <testcase name="testPoke[1][3]" classname="HttpBinAPI.HttpBinRunner" time="2.082"/>
  <testcase name="testPoke[1][4]" classname="HttpBinAPI.HttpBinRunner" time="0.546">
    <failure message="match failed: EQUALS&#10;  $ | actual path does not exist (STRING:STRING)&#10;  &apos;#notpresent&apos;&#10;  &apos;J.K.+Rowling&apos;&#10;&#10;classpath:HttpBinAPI/HttpBin.feature:30" type="org.opentest4j.AssertionFailedError">org.opentest4j.AssertionFailedError: 
match failed: EQUALS
  $ | actual path does not exist (STRING:STRING)
  '#notpresent'
  'J.K.+Rowling'

classpath:HttpBinAPI/HttpBin.feature:30
</failure>
    <system-out><![CDATA[02:15:14.550 [main] INFO  com.intuit.karate - karate.env system property was: null 
02:15:14.553 [main] DEBUG com.intuit.karate - request:
1 > GET https://openlibrary.org/search/authors?q=J.K.+Rowling
1 > Host: openlibrary.org
1 > Connection: Keep-Alive
1 > User-Agent: Apache-HttpClient/4.5.13 (Java/17.0.8)
1 > Accept-Encoding: gzip,deflate


02:15:15.184 [main] DEBUG com.intuit.karate - response time in milliseconds: 630
1 < 200
1 < Server: nginx/1.18.0 (Ubuntu)
1 < Date: Fri, 01 Dec 2023 05:15:14 GMT
1 < Content-Type: text/html; charset=utf-8
1 < Transfer-Encoding: chunked
1 < Connection: keep-alive
1 < x-ol-stats: "SR 1 0.021 TT 0 0.022"
1 < vary: Accept-Encoding
1 < Referrer-Policy: no-referrer-when-downgrade


<!DOCTYPE html>
<html xmlns="http://www.w3.org/1999/xhtml" lang="">
<head>
    <meta http-equiv="Content-Type" content="text/html; charset=utf-8" />
    <meta name="title" content="" />
    <meta name="keywords" content="free books, books to read, free ebooks, audio books, read books for free, read books online, online library">
    <meta name="viewport" content="width=device-width, initial-scale=1.0">
    <meta name="author" content="OpenLibrary.org" />
    <meta name="creator" content="OpenLibrary.org" />
    <meta name="copyright" content="Original content copyright; 2007-2015" />
    <meta name="distribution" content="Global" />
    <meta name="theme-color" content="#e2dcc5">


    <link rel="canonical" href="https://openlibrary.org/search/authors?q=J.K.+Rowling" />
    <link rel="preconnect" href="https://analytics.archive.org">

    <link rel="search" type="application/opensearchdescription+xml" title="Open Library" href="/static/opensearch.xml">
    <link rel="manifest" href="/static/manifest.json">

    <link href="/static/images/openlibrary-128x128.png" rel="apple-touch-icon" />
    <link href="/static/images/openlibrary-152x152.png" rel="apple-touch-icon" sizes="152x152" />
    <link href="/static/images/openlibrary-167x167.png" rel="apple-touch-icon" sizes="167x167" />
    <link href="/static/images/openlibrary-180x180.png" rel="apple-touch-icon" sizes="180x180" />
    <link href="/static/images/openlibrary-192x192.png" rel="icon" sizes="192x192" />
    <link href="/static/images/openlibrary-128x128.png" rel="icon" sizes="128x128" />
    <link href="/static/build/page-user.css?v=8ac99a3b60119b7bf1d25beaa6f503d7" rel="stylesheet" type="text/css" />

    <noscript>
      <style>
        /* Don't hide content with clamp if no js to show more/less */
        .clamp {
          -webkit-line-clamp: unset !important;
        }

        /* Don't show read-more sections collapsed */
        .read-more__content {
          max-height: unset !important;
        }
        /* Don't show read-more toggle buttons */
        .read-more__toggle {
          display: none !important;
        }

        /* @width-breakpoint-tablet media query: */
        @media only screen and (min-width: 768px) {
          /* Sticky navbar to top of screen if compact title cannot be stickied */
          .work-menu {
            top: 0 !important;
          }
        }
      </style>
    </noscript>
 <script>

/* @licstart  The following is the entire license notice for the
 * JavaScript code in this page.
 *
 * This program is free software: you can redistribute it and/or modify
 * it under the terms of the GNU Affero General Public License as published by
 * the Free Software Foundation, either version 3 of the License, or
 * (at your option) any later version.
 *
 * This program is distributed in the hope that it will be useful,
 * but WITHOUT ANY WARRANTY; without even the implied warranty of
 * MERCHANTABILITY or FITNESS FOR A PARTICULAR PURPOSE.  See the
 * GNU Affero General Public License for more details.
 *
 * You should have received a copy of the GNU Affero General Public License
 * along with this program.  If not, see <http://www.gnu.org/licenses/>.
 *
 * @licend  The above is the entire license notice
 * for the JavaScript code in this page.
 */

  </script>

    <!-- JavaScript execution queue that will be emptied at the bottom of the page -->
    <script type="text/javascript">window.q = [];</script>
    <meta name="google-site-verification" content="KrqcZD4l5BLNVyjzSi2sjZBiwgmkJ1W7n6w7ThD7A74" />
    <meta name="google-site-verification" content="vtXGm8q3UgP-f6qXTvQBo85uh3nmIYIotVqqdJDpyz4" />
    <!-- Drini, Google Search Console -->
    <meta name="google-site-verification" content="XYOJ9Uj0MBr6wk7kj1IkttXrqY-bbRstFMADTfEt354" />







    <meta name="description" content="Open Library is an open, editable library catalog, building towards a web page for every book ever published. Read, borrow, and discover more than 3M books for free." />
    
    <title>Search Open Library for "J.K. Rowling" | Open Library</title>

</head>




<body class="" >
  <script>
      // Provide a signal that JS will load
      document.body.className += ' client-js';
  </script>
  <span id="top"></span>
  <div id="offline-info">It looks like you&#39;re offline.</div>
  
  
  
    <div id="donato"></div>
    <script src="/cdn/archive.org/donate.js" data-platform="ol"></script>
    

<div id="topNotice">
  <div class="page-banner page-banner-black page-banner-center">
    <div class="iaBar">
        <a class="iaLogo" href="https://archive.org"><img alt="Internet Archive logo" src="/static/images/ia-logo.svg" width="160"></a>
        <a class="ghost-btn" href="https://archive.org/donate/?platform=ol&origin=olwww-TopNavDonateButton" data-ol-link-track="IABar|DonateButton">Donate <span class="heart" aria-hidden="true">?</span></a>
      <div class="language-component header-dropdown">
        <details>
          <summary>
            <img class="translate-icon" src="/static/images/language-icon.svg" title="Change Website Language" alt="Change Website Language"/>
          </summary>
          <div class="language-dropdown-component">
            
<ul class="locale-options dropdown-menu">
  <li><a href="#" lang="cs" data-lang-id="cs" title="Czech">?eština (cs)</a></li>
  <li><a href="#" lang="de" data-lang-id="de" title="German">Deutsch (de)</a></li>
  <li><a href="#" lang="en" data-lang-id="en" title="English">English (en)</a></li>
  <li><a href="#" lang="es" data-lang-id="es" title="Spanish">Español (es)</a></li>
  <li><a href="#" lang="fr" data-lang-id="fr" title="French">Français (fr)</a></li>
  <li><a href="#" lang="hr" data-lang-id="hr" title="Croatian">Hrvatski (hr)</a></li>
  <li><a href="#" lang="it" data-lang-id="it" title="Italian">Italiano (it)</a></li>
  <li><a href="#" lang="pt" data-lang-id="pt" title="Portuguese">Português (pt)</a></li>
  <li><a href="#" lang="te" data-lang-id="te" title="Telugu">?????? (te)</a></li>
  <li><a href="#" lang="uk" data-lang-id="uk" title="Ukrainian">?????????? (uk)</a></li>
  <li><a href="#" lang="zh" data-lang-id="zh" title="Chinese">?? (zh)</a></li>
</ul>

          </div>
        </details>
      </div>
    </div>
  </div>
</div>

  
<header id="header-bar" class="header-bar">



  <div class="logo-component">
    <a href="/" title="The Internet Archive&#39;s Open Library: One page for every book">
      <div class="logo-txt">
        <img class="logo-icon" src="/static/images/openlibrary-logo-tighter.svg"
          width="189" height="47"
          alt="Open Library logo"/>
      </div>
    </a>
  </div>


  <ul class="navigation-component">
    <li>












<div class="mybooks-component header-dropdown">
  <a href="/account/books" data-ol-link-track=MainNav|MyBooks>My Books</a>
</div>
</li>
    <li>












<div class="browse-component header-dropdown">
  <details>
    <summary >
      Browse
      <span class="shift">Menu</span>
      
      <img class="down-arrow" aria-hidden="true" src="/static/images/down-arrow.png" alt="" role="presentation" width="7" height="4">
    </summary>
    <div
    class="browse-dropdown-component navigation-dropdown-component"
    >
      <ul class="dropdown-menu browse-dropdown-menu">
        <li>
        <a href="/subjects" data-ol-link-track=MainNav|Subjects>
          Subjects
        </a>
        </li>
        <li>
        <a href="/trending" data-ol-link-track=MainNav|Trending>
          Trending
        </a>
        </li>
        <li>
        <a href="/explore" data-ol-link-track=MainNav|Explore>
          Library Explorer
        </a>
        </li>
        <li>
        <a href="/lists" data-ol-link-track=MainNav|Lists>
          Lists
        </a>
        </li>
        <li>
        <a href="/collections" data-ol-link-track=MainNav|Collections>
          Collections
        </a>
        </li>
        <li>
        <a href="/k-12" data-ol-link-track=MainNav|K12Library>
          K-12 Student Library
        </a>
        </li>
        <li>
        <a href="/booktalks" data-ol-link-track=MainNav|BookTalks>
          Book Talks
        </a>
        </li>
        <li>
        <a href="/random" data-ol-link-track=MainNav|RandomBook>
          Random Book
        </a>
        </li>
        <li>
        <a href="/advancedsearch" data-ol-link-track=MainNav|AdvancedSearch>
          Advanced Search
        </a>
        </li>
      </ul>
    </div>
  </details>
</div>
</li>
  </ul>

  <div class="search-component">
    <div class="search-bar-component">
      <div class="search-bar">
        <div class="search-facet">
          <label class="search-facet-selector">
            <span aria-hidden="true" class="search-facet-value"></span>
            <select aria-label="Search by">
              <option value='all'>All</option>
              <option value='title'>Title</option>
              <option value='author'>Author</option>
              <option value='text'>Text</option>
              <option value='subject'>Subject</option>
              <option value='lists'>Lists</option>
              <option value='advanced'>Advanced</option>
            </select>
          </label>
        </div>
        <form class="search-bar-input" action="/search" method="get">
          <input type="text" name="q" placeholder="Search" aria-label="Search" autocomplete="off">
          <input name="mode" type="checkbox" aria-hidden="true" aria-label="Search checkbox" checked="checked" value="" id="ftokenstop" class="hidden instantsearch-mode">
          <input type="submit" value="" class="search-bar-submit" aria-label="Search submit">
          <div class="vertical-separator"></div>
          <a
            id="barcode_scanner_link"
            class="search-by-barcode-submit"
            aria-label="Search by barcode"
            title="Search by barcode"
            href="/barcodescanner?returnTo=/isbn/$$$"
          >
          </a>
        </form>
      </div>
      <div class="search-dropdown">
        <ul class="search-results">
        </ul>
      </div>
    </div>
  </div>

  <ul class="auth-component">
    <li class="hide-me">
      <a class="btn"
         href="/account/login">Log In</a></li>
    <li><a class="btn primary" href="/account/create">Sign Up</a></li>
  </ul>
  
  












<div class="hamburger-component header-dropdown">
  <details>
    <summary data-ol-link-track="HeaderBar|Hamburger">
      <img class="hamburger__icon" src="/static/images/hamburger-icon.svg" alt="additional options menu"/>
      <img class="down-arrow" aria-hidden="true" src="/static/images/down-arrow.png" alt="" role="presentation" width="7" height="4">
    </summary>
    <div class="mask-menu"></div>
    <div
    class="app-drawer"
    >
      <ul class="dropdown-menu hamburger-dropdown-menu">
        <li class="subsection">
          My Open Library
        </li>
        <li class="login-links">
          <a class="login-links__secondary" href="/account/login">Log In</a>
          <a class="login-links__primary" href="/account/create">Sign Up</a>
        </li>
        <li class="subsection">
          Browse
        </li>
        <li>
        <a href="/subjects" data-ol-link-track=Hamburger|Subjects>
          Subjects
        </a>
        </li>
        <li>
        <a href="/trending" data-ol-link-track=Hamburger|Trending>
          Trending
        </a>
        </li>
        <li>
        <a href="/explore" data-ol-link-track=Hamburger|Explore>
          Library Explorer
        </a>
        </li>
        <li>
        <a href="/lists" data-ol-link-track=Hamburger|Lists>
          Lists
        </a>
        </li>
        <li>
        <a href="/collections" data-ol-link-track=Hamburger|Collections>
          Collections
        </a>
        </li>
        <li>
        <a href="/k-12" data-ol-link-track=Hamburger|K12Library>
          K-12 Student Library
        </a>
        </li>
        <li>
        <a href="/booktalks" data-ol-link-track=Hamburger|BookTalks>
          Book Talks
        </a>
        </li>
        <li>
        <a href="/random" data-ol-link-track=Hamburger|RandomBook>
          Random Book
        </a>
        </li>
        <li>
        <a href="/advancedsearch" data-ol-link-track=Hamburger|AdvancedSearch>
          Advanced Search
        </a>
        </li>
        <li class="subsection">
          Contribute
        </li>
        <li>
        <a href="/books/add" data-ol-link-track=Hamburger|AddBook>
          Add a Book
        </a>
        </li>
        <li>
        <a href="/recentchanges" data-ol-link-track=Hamburger|RecentEdits>
          Recent Community Edits
        </a>
        </li>
        <li class="subsection">
          Resources
        </li>
        <li>
        <a href="/help" data-ol-link-track=Hamburger|Help>
          Help &amp; Support
        </a>
        </li>
        <li>
        <a href="/developers" data-ol-link-track=Hamburger|DevelopersHelp>
          Developer Center
        </a>
        </li>
        <li>
        <a href="/librarians" data-ol-link-track=Hamburger|LibrariansHelp>
          Librarians Portal
        </a>
        </li>
      </ul>
    </div>
  </details>
</div>


</header>
<header class="header-bar mobile">
  <ul class="navigation-component mobile">
    <li>












<div class="mybooks-component header-dropdown">
  <a href="/account/books" data-ol-link-track=MainNav|MyBooks>My Books</a>
</div>
</li>
    <li>












<div class="browse-component header-dropdown">
  <details>
    <summary >
      Browse
      <span class="shift">Menu</span>
      
      <img class="down-arrow" aria-hidden="true" src="/static/images/down-arrow.png" alt="" role="presentation" width="7" height="4">
    </summary>
    <div
    class="browse-dropdown-component navigation-dropdown-component"
    >
      <ul class="dropdown-menu browse-dropdown-menu">
        <li>
        <a href="/subjects" data-ol-link-track=MainNav|Subjects>
          Subjects
        </a>
        </li>
        <li>
        <a href="/trending" data-ol-link-track=MainNav|Trending>
          Trending
        </a>
        </li>
        <li>
        <a href="/explore" data-ol-link-track=MainNav|Explore>
          Library Explorer
        </a>
        </li>
        <li>
        <a href="/lists" data-ol-link-track=MainNav|Lists>
          Lists
        </a>
        </li>
        <li>
        <a href="/collections" data-ol-link-track=MainNav|Collections>
          Collections
        </a>
        </li>
        <li>
        <a href="/k-12" data-ol-link-track=MainNav|K12Library>
          K-12 Student Library
        </a>
        </li>
        <li>
        <a href="/booktalks" data-ol-link-track=MainNav|BookTalks>
          Book Talks
        </a>
        </li>
        <li>
        <a href="/random" data-ol-link-track=MainNav|RandomBook>
          Random Book
        </a>
        </li>
        <li>
        <a href="/advancedsearch" data-ol-link-track=MainNav|AdvancedSearch>
          Advanced Search
        </a>
        </li>
      </ul>
    </div>
  </details>
</div>
</li>
  </ul>
</header>

  
  <div id="test-body-mobile">
    
    <div class="flash-messages">
    </div>
    
    
    
    


<div id="contentHead">
    <h1>Search Authors</h1>
</div>

<div id="contentBody">
  

<ul class="nav-bar">
  <li class="">
    <a data-ol-link-track="SearchNav|SearchBooks"
       href="/search?q=J.K.+Rowling">Books</a>
  </li>
  <li class="selected">
    <a data-ol-link-track="SearchNav|SearchAuthors"
       href="/search/authors?q=J.K.+Rowling">Authors</a>
  </li>
  <li class="">
    <a data-ol-link-track="SearchNav|SearchFulltext"
       href="/search/inside?q=J.K.+Rowling">Search Inside</a>
  </li>
  <li class="">
    <a data-ol-link-track="SearchNav|SearchSubjects"
       href="/search/subjects?q=J.K.+Rowling">Subjects</a>
  </li>
  <li class="">
    <a data-ol-link-track="SearchNav|SearchLists"
       href="/search/lists?q=J.K.+Rowling">Lists</a>
  </li>
  <li class="">
    <a data-ol-link-track="SearchNav|SearchAdvanced"
       href="/advancedsearch">Advanced Search</a>
  </li>
</ul>


  <form class="siteSearch olform" action="">
    <input type="text" class="larger" name="q" size="100" value="J.K. Rowling"/>
    <input type="submit"  class="larger" value="Search"/>
  </form>
</div>

<div id="contentMeta">

    <div class="search-results-stats">2 hits
      
<span class="tools">
    <img src="/images/icons/icon_sort.png" class="" alt="Sorting by" width="9" height="11" class="sorter" />
    Sorted by:
    <a><strong>Relevance</strong></a>
    |
    <a href="/search/authors?q=J.K.+Rowling&amp;sort=work_count+desc"
       data-ol-link-track="SearchSort|WorkCountDesc"
    >Work Count</a>
    |
    <a href="/search/authors?q=J.K.+Rowling&amp;sort=random"
       data-ol-link-track="SearchSort|Random"
    >Random</a>
</span>

    </div>
    <ul class="authorList list-books">
    <li class="searchResultItem">
      <img src="//covers.openlibrary.org/a/olid/OL23919A-M.jpg" itemprop="image" class="cover author" alt="Photo of J. K. Rowling">
      <div>
        <a href="/authors/OL23919A" class="larger">J. K. Rowling</a>&nbsp;<span class="brown small">31 July 1965 - </span><br />
        <span class="small grey"><b>482 books</b>
        about Children&#39;s fiction, Fantasy fiction, Wizards, fiction, England, fiction, Potter, harry (fictitious character), fiction, Magic, fiction, Schools, fiction, Hogwarts school of witchcraft and wizardry (imaginary organization), fiction, Fiction, New York Times bestseller,
        including <i>Harry Potter and the Philosopher's Stone</i></span>
      </div>
    </li>
    <li class="searchResultItem">
      <img src="//covers.openlibrary.org/a/olid/OL10877880A-M.jpg" itemprop="image" class="cover author" alt="Photo of Julie-Anne Sykley  *Not Authorized by J.K. Rowling or her publishers">
      <div>
        <a href="/authors/OL10877880A" class="larger">Julie-Anne Sykley  *Not Authorized by J.K. Rowling or her publishers</a>&nbsp;<span class="brown small"></span><br />
        <span class="small grey"><b>1 book</b>
        including <i>Harry Potter's Psychological Hallows</i></span>
      </div>
    </li>
    </ul>
    
    

  </div>
  <div class="clearfix"></div>
</div>

  </div>




<!--For analytics-->
<div class="clearfix"></div>


<footer>
  <div id="footer-content" >
    <div id="footer-links">
      <div>
        <h2>Open Library</h2>
        <ul>
          <li><a href="/about/vision">Vision</a></li>
          <li><a href="/volunteer">Volunteer</a></li>
          <li><a href="/partner-with-us">Partner With Us</a></li>
          <li><a href="https://archive.org/about/jobs.php" title="Jobs">Careers</a></li>
          <li><a href="https://blog.openlibrary.org/">Blog</a></li>
          <li><a href="https://archive.org/about/terms.php">Terms of Service</a></li>
          <li><a href="https://archive.org/donate/?platform=ol&origin=olwww-TopNavDonateButton">Donate</a></li>
        </ul>
      </div>
      <div>
        <h2>Discover</h2>
        <ul>
          <li><a href="/" title="Go home">Home</a></li>
          <li><a href="/search" title="Explore Books">Books</a></li>
          <li><a href="/search/authors" title="Explore authors">Authors</a></li>
          <li><a href="/subjects" title="Explore subjects">Subjects</a></li>
          <li><a href="/collections" title="Explore collections">Collections</a></li>
          <li><a href="/advancedsearch">Advanced Search</a></li>
          <li><a href="#top" title="Navigate to top of this page">Return to Top</a></li>
        </ul>
      </div>
      <div>
        <h2>Develop</h2>
        <ul>
          <li><a href="/developers" title="Explore Open Library Developer Center">Developer Center</a></li>
          <li><a href="/developers/api" title="Explore Open Library APIs">API Documentation</a></li>
          <li><a href="/developers/dumps" title="Bulk Open Library data">Bulk Data Dumps</a></li>
          <li><a href="https://github.com/internetarchive/openlibrary/wiki/Writing-Bots" title="Write a bot">Writing Bots</a></li>
        </ul>
      </div>
      <div>
        <h2>Help</h2>
        <ul>
          <li><a href="/help">Help Center</a></li>
          <li><a href="/contact?path=%2Fsearch%2Fauthors%3Fq%3DJ.K.%2BRowling" title="Problems">Report A Problem</a></li>
          <li><a href="/help/faq/editing" title="Suggest Edits">Suggesting Edits</a></li>
          <li><a href="/books/add" title="Add a new book to Open Library">Add a Book</a></li>
        </ul>
        <aside id="footer-icons">
          <a class="footer-icons__twitter" href="https://twitter.com/OpenLibrary">twitter</a>
          <a class="footer-icons__github" href="https://github.com/internetarchive/openlibrary">github</a>
        </aside>
      </div>
      <div>
        <h2>Change Website Language</h2>
        
<ul class="locale-options ">
  <li><a href="#" lang="cs" data-lang-id="cs" title="Czech">?eština (cs)</a></li>
  <li><a href="#" lang="de" data-lang-id="de" title="German">Deutsch (de)</a></li>
  <li><a href="#" lang="en" data-lang-id="en" title="English">English (en)</a></li>
  <li><a href="#" lang="es" data-lang-id="es" title="Spanish">Español (es)</a></li>
  <li><a href="#" lang="fr" data-lang-id="fr" title="French">Français (fr)</a></li>
  <li><a href="#" lang="hr" data-lang-id="hr" title="Croatian">Hrvatski (hr)</a></li>
  <li><a href="#" lang="it" data-lang-id="it" title="Italian">Italiano (it)</a></li>
  <li><a href="#" lang="pt" data-lang-id="pt" title="Portuguese">Português (pt)</a></li>
  <li><a href="#" lang="te" data-lang-id="te" title="Telugu">?????? (te)</a></li>
  <li><a href="#" lang="uk" data-lang-id="uk" title="Ukrainian">?????????? (uk)</a></li>
  <li><a href="#" lang="zh" data-lang-id="zh" title="Chinese">?? (zh)</a></li>
</ul>

      </div>
    </div>
    <hr>
    <div id="footer-details">
      <img id="archive-logo" src="/static/images/pantheon.png" alt="Open Library logo">
      <div id="legal-details" >
        <span>Open Library is an initiative of the <a href="//archive.org/">Internet Archive</a>, a 501(c)(3) non-profit, building a digital library of Internet sites and other cultural artifacts in  digital form. Other <a href="//archive.org/projects/">projects</a> include the <a href="//archive.org/web/">Wayback Machine</a>, <a href="//archive.org/">archive.org</a> and <a href="//archive-it.org">archive-it.org</a></span>
      </div>
      <div id="version-details">
        <span class="version">version <a href="https://github.com/internetarchive/openlibrary/commit/c32d626">c32d626</a></span>
      </div>
    </div>
  </div>
</footer>


<!--Will be moved inside index.js-->
<script type="text/javascript">
  if ("serviceWorker" in navigator) {
    window.addEventListener('load', () => {
      navigator.serviceWorker.register("/sw.js").then(registration => {

      }).catch(error => {
        console.log("ServiceWorker registration failed");
      });
    });
  }

  window.addEventListener('beforeinstallprompt', (e) => {
    // Prevent the mini-infobar from appearing on mobile
    e.preventDefault();
  });
</script>

<!-- Must be loaded after jquery -->
<script src="/cdn/archive.org/analytics.js" type="text/javascript"></script>
<script src="/static/build/all.js?v=b9ec0deeb2001ac47f7fd63cd1263bba" type="text/javascript"></script>
<!-- Passes total_time for analytics to ol.analytics.js -->
<div class="analytics-stats-time-calculator" data-time="25.82097053527832"></div>

<!-- clear the window.q and setup the jQuery plugins -->
<script>
$( function () {
    var i;
    for ( i = 0; i < window.q.length; i++ ) {
        $( window.q[i] );
    }
    window.q = [];
} );

if (typeof archive_analytics !== 'undefined') {
  archive_analytics.set_up_event_tracking();
}
</script>
</body>
</html>


02:15:15.192 [main] ERROR com.intuit.karate - classpath:HttpBinAPI/HttpBin.feature:30
And match $.docs[0].name == 'J.K.+Rowling'
match failed: EQUALS
  $ | actual path does not exist (STRING:STRING)
  '#notpresent'
  'J.K.+Rowling'

classpath:HttpBinAPI/HttpBin.feature:30
]]></system-out>
  </testcase>
  <testcase name="testPoke[1][5]" classname="HttpBinAPI.HttpBinRunner" time="1.146"/>
</testsuite>